<?xml version="1.0" encoding="UTF-8"?>
<!-- Generated by org.testng.reporters.JUnitXMLReporter -->
<testsuite hostname="DESKTOP-FUIS2AN" ignored="6" name="Default test" tests="1" failures="0" timestamp="2020-02-14T11:52:26 IST" time="35.536" errors="0">
  <testcase name="CustomerLogCommunication" time="24.294" classname="com.PS.tests.CustomerDetailsTest"/>
  <testcase name="UploadCustomer" time="0.0" classname="com.PS.tests.CustomerDetailsTest">
    <ignored/>
  </testcase> <!-- UploadCustomer -->
  <testcase name="CustomerLogActivity" time="0.0" classname="com.PS.tests.CustomerDetailsTest">
    <ignored/>
  </testcase> <!-- CustomerLogActivity -->
  <testcase name="UpdateCustomer" time="0.0" classname="com.PS.tests.CustomerDetailsTest">
    <ignored/>
  </testcase> <!-- UpdateCustomer -->
  <testcase name="CreateCustomerNegative" time="0.0" classname="com.PS.tests.CustomerDetailsTest">
    <ignored/>
  </testcase> <!-- CreateCustomerNegative -->
  <testcase name="customerSearch" time="0.0" classname="com.PS.tests.CustomerDetailsTest">
    <ignored/>
  </testcase> <!-- customerSearch -->
  <testcase name="CreateCustomer" time="0.0" classname="com.PS.tests.CustomerDetailsTest">
    <ignored/>
  </testcase> <!-- CreateCustomer -->
</testsuite> <!-- Default test -->
