<?xml version="1.0" encoding="UTF-8"?>
<!-- Generated by org.testng.reporters.JUnitXMLReporter -->
<testsuite hostname="DESKTOP-FUIS2AN" ignored="2" name="Default test" tests="1" failures="0" timestamp="2020-02-27T13:08:37 IST" time="49.015" errors="0">
  <testcase name="CreateCreditMemo" time="32.93" classname="com.PS.tests.SalesDetailsTest"/>
  <testcase name="CreateSalesQuote" time="0.0" classname="com.PS.tests.SalesDetailsTest">
    <ignored/>
  </testcase> <!-- CreateSalesQuote -->
  <testcase name="CreateSalesInvoice" time="0.0" classname="com.PS.tests.SalesDetailsTest">
    <ignored/>
  </testcase> <!-- CreateSalesInvoice -->
</testsuite> <!-- Default test -->
