<?xml version="1.0" encoding="UTF-8"?>
<!-- Generated by org.testng.reporters.JUnitXMLReporter -->
<testsuite hostname="DESKTOP-FUIS2AN" ignored="2" name="PS Test" tests="5" failures="0" timestamp="2020-02-14T12:33:40 IST" time="311.392" errors="0">
  <testcase name="CreateCustomer" time="83.206" classname="com.PS.tests.CustomerDetailsTest"/>
  <testcase name="CreateCustomerNegative" time="38.08" classname="com.PS.tests.CustomerDetailsTest"/>
  <testcase name="CustomerLogActivity" time="26.799" classname="com.PS.tests.CustomerDetailsTest"/>
  <testcase name="UpdateCustomer" time="20.856" classname="com.PS.tests.CustomerDetailsTest"/>
  <testcase name="customerSearch" time="9.594" classname="com.PS.tests.CustomerDetailsTest"/>
  <testcase name="UploadCustomer" time="0.0" classname="com.PS.tests.CustomerDetailsTest">
    <ignored/>
  </testcase> <!-- UploadCustomer -->
  <testcase name="CustomerLogCommunication" time="0.0" classname="com.PS.tests.CustomerDetailsTest">
    <ignored/>
  </testcase> <!-- CustomerLogCommunication -->
</testsuite> <!-- PS Test -->
