<?xml version="1.0" encoding="UTF-8"?>
<testng-results skipped="0" failed="1" ignored="4" total="5" passed="0">
  <reporter-output>
  </reporter-output>
  <suite name="Default suite" duration-ms="22830" started-at="2020-01-29T17:57:00 IST" finished-at="2020-01-29T17:57:23 IST">
    <groups>
    </groups>
    <test name="Default test" duration-ms="22830" started-at="2020-01-29T17:57:00 IST" finished-at="2020-01-29T17:57:23 IST">
      <class name="com.PS.tests.NcustomerDetails">
        <test-method status="PASS" signature="createReport()[pri:0, instance:com.PS.tests.NcustomerDetails@34cd072c]" name="createReport" is-config="true" duration-ms="331" started-at="2020-01-29T17:57:00 IST" finished-at="2020-01-29T17:57:00 IST">
          <reporter-output>
          </reporter-output>
        </test-method> <!-- createReport -->
        <test-method status="PASS" signature="setup(java.lang.String)[pri:0, instance:com.PS.tests.NcustomerDetails@34cd072c]" name="setup" is-config="true" duration-ms="21248" started-at="2020-01-29T17:57:00 IST" finished-at="2020-01-29T17:57:21 IST">
          <params>
            <param index="0">
              <value>
                <![CDATA[Chrome]]>
              </value>
            </param>
          </params>
          <reporter-output>
          </reporter-output>
        </test-method> <!-- setup -->
        <test-method status="FAIL" signature="CreateCustomer()[pri:0, instance:com.PS.tests.NcustomerDetails@34cd072c]" name="CreateCustomer" duration-ms="251" started-at="2020-01-29T17:57:21 IST" finished-at="2020-01-29T17:57:21 IST">
          <exception class="java.lang.IllegalArgumentException">
            <message>
              <![CDATA[Keys to send should be a not null CharSequence]]>
            </message>
            <full-stacktrace>
              <![CDATA[java.lang.IllegalArgumentException: Keys to send should be a not null CharSequence
at org.openqa.selenium.remote.RemoteWebElement.sendKeys(RemoteWebElement.java:97)
at sun.reflect.NativeMethodAccessorImpl.invoke0(Native Method)
at sun.reflect.NativeMethodAccessorImpl.invoke(Unknown Source)
at sun.reflect.DelegatingMethodAccessorImpl.invoke(Unknown Source)
at java.lang.reflect.Method.invoke(Unknown Source)
at org.openqa.selenium.support.pagefactory.internal.LocatingElementHandler.invoke(LocatingElementHandler.java:51)
at com.sun.proxy.$Proxy14.sendKeys(Unknown Source)
at com.PS.pages.login.login(login.java:31)
at com.PS.tests.NcustomerDetails.CreateCustomer(NcustomerDetails.java:42)
at sun.reflect.NativeMethodAccessorImpl.invoke0(Native Method)
at sun.reflect.NativeMethodAccessorImpl.invoke(Unknown Source)
at sun.reflect.DelegatingMethodAccessorImpl.invoke(Unknown Source)
at java.lang.reflect.Method.invoke(Unknown Source)
at org.testng.internal.MethodInvocationHelper.invokeMethod(MethodInvocationHelper.java:133)
at org.testng.internal.TestInvoker.invokeMethod(TestInvoker.java:584)
at org.testng.internal.TestInvoker.invokeTestMethod(TestInvoker.java:172)
at org.testng.internal.MethodRunner.runInSequence(MethodRunner.java:46)
at org.testng.internal.TestInvoker$MethodInvocationAgent.invoke(TestInvoker.java:804)
at org.testng.internal.TestInvoker.invokeTestMethods(TestInvoker.java:145)
at org.testng.internal.TestMethodWorker.invokeTestMethods(TestMethodWorker.java:146)
at org.testng.internal.TestMethodWorker.run(TestMethodWorker.java:128)
at java.util.ArrayList.forEach(Unknown Source)
at org.testng.TestRunner.privateRun(TestRunner.java:770)
at org.testng.TestRunner.run(TestRunner.java:591)
at org.testng.SuiteRunner.runTest(SuiteRunner.java:402)
at org.testng.SuiteRunner.runSequentially(SuiteRunner.java:396)
at org.testng.SuiteRunner.privateRun(SuiteRunner.java:355)
at org.testng.SuiteRunner.run(SuiteRunner.java:304)
at org.testng.SuiteRunnerWorker.runSuite(SuiteRunnerWorker.java:53)
at org.testng.SuiteRunnerWorker.run(SuiteRunnerWorker.java:96)
at org.testng.TestNG.runSuitesSequentially(TestNG.java:1180)
at org.testng.TestNG.runSuitesLocally(TestNG.java:1102)
at org.testng.TestNG.runSuites(TestNG.java:1032)
at org.testng.TestNG.run(TestNG.java:1000)
at org.testng.remote.AbstractRemoteTestNG.run(AbstractRemoteTestNG.java:115)
at org.testng.remote.RemoteTestNG.initAndRun(RemoteTestNG.java:251)
at org.testng.remote.RemoteTestNG.main(RemoteTestNG.java:77)
]]>
            </full-stacktrace>
          </exception> <!-- java.lang.IllegalArgumentException -->
          <reporter-output>
          </reporter-output>
        </test-method> <!-- CreateCustomer -->
        <test-method status="PASS" signature="tearDown()[pri:0, instance:com.PS.tests.NcustomerDetails@34cd072c]" name="tearDown" is-config="true" duration-ms="0" started-at="2020-01-29T17:57:23 IST" finished-at="2020-01-29T17:57:23 IST">
          <reporter-output>
          </reporter-output>
        </test-method> <!-- tearDown -->
        <test-method status="PASS" signature="closeReport()[pri:0, instance:com.PS.tests.NcustomerDetails@34cd072c]" name="closeReport" is-config="true" duration-ms="365" started-at="2020-01-29T17:57:23 IST" finished-at="2020-01-29T17:57:23 IST">
          <reporter-output>
          </reporter-output>
        </test-method> <!-- closeReport -->
      </class> <!-- com.PS.tests.NcustomerDetails -->
    </test> <!-- Default test -->
  </suite> <!-- Default suite -->
</testng-results>
